# JRE version: OpenJDK Runtime Environment GraalVM CE 22.3.0 (17.0.5+8) (build 17.0.5+8-jvmci-22.3-b08)
# Java VM: OpenJDK 64-Bit Server VM GraalVM CE 22.3.0 (17.0.5+8-jvmci-22.3-b08, mixed mode, sharing, tiered, jvmci, jvmci compiler, compressed oops, compressed class ptrs, parallel gc, linux-amd64)
GC Precious Log:
 CPUs: 8 total, 2 available
 Memory: 3215M
 Large Page Support: Disabled
 NUMA Support: Disabled
 Compressed Oops: Enabled (32-bit)
 Alignments: Space 512K, Generation 512K, Heap 2M
 Heap Min Capacity: 100M
 Heap Initial Capacity: 100M
 Heap Max Capacity: 512M
 Pre-touch: Disabled
 Parallel Workers: 2
Heap:
 PSYoungGen      total 55808K, used 52872K [0x00000000f5580000, 0x00000000f9780000, 0x0000000100000000)
  eden space 53760K, 94% used [0x00000000f5580000,0x00000000f8726348,0x00000000f8a00000)
  from space 2048K, 99% used [0x00000000f9580000,0x00000000f977c030,0x00000000f9780000)
  to   space 6656K, 0% used [0x00000000f8a80000,0x00000000f8a80000,0x00000000f9100000)
 ParOldGen       total 320000K, used 273735K [0x00000000e0000000, 0x00000000f3880000, 0x00000000f5580000)
  object space 320000K, 85% used [0x00000000e0000000,0x00000000f0b51e20,0x00000000f3880000)
 Metaspace       used 67386K, committed 68352K, reserved 1114112K
  class space    used 5957K, committed 6400K, reserved 1048576K
GC Heap History (20 events):
Event: 337.424 GC heap before
{Heap before GC invocations=77 (full 7):
 PSYoungGen      total 66048K, used 65600K [0x00000000f5580000, 0x00000000fa800000, 0x0000000100000000)
  eden space 61952K, 100% used [0x00000000f5580000,0x00000000f9200000,0x00000000f9200000)
  from space 4096K, 89% used [0x00000000fa400000,0x00000000fa7903c0,0x00000000fa800000)
  to   space 6656K, 0% used [0x00000000f9b00000,0x00000000f9b00000,0x00000000fa180000)
 ParOldGen       total 320000K, used 256497K [0x00000000e0000000, 0x00000000f3880000, 0x00000000f5580000)
  object space 320000K, 80% used [0x00000000e0000000,0x00000000efa7c750,0x00000000f3880000)
 Metaspace       used 65215K, committed 66176K, reserved 1114112K
  class space    used 5806K, committed 6208K, reserved 1048576K
}
Event: 337.436 GC heap after
{Heap after GC invocations=77 (full 7):
 PSYoungGen      total 67072K, used 5693K [0x00000000f5580000, 0x00000000fa480000, 0x0000000100000000)
  eden space 60928K, 0% used [0x00000000f5580000,0x00000000f5580000,0x00000000f9100000)
  from space 6144K, 92% used [0x00000000f9b00000,0x00000000fa08f460,0x00000000fa100000)
  to   space 3584K, 0% used [0x00000000fa100000,0x00000000fa100000,0x00000000fa480000)
 ParOldGen       total 320000K, used 256505K [0x00000000e0000000, 0x00000000f3880000, 0x00000000f5580000)
  object space 320000K, 80% used [0x00000000e0000000,0x00000000efa7e750,0x00000000f3880000)
 Metaspace       used 65215K, committed 66176K, reserved 1114112K
  class space    used 5806K, committed 6208K, reserved 1048576K
}
Event: 341.201 GC heap before
{Heap before GC invocations=78 (full 7):
 PSYoungGen      total 67072K, used 66621K [0x00000000f5580000, 0x00000000fa480000, 0x0000000100000000)
  eden space 60928K, 100% used [0x00000000f5580000,0x00000000f9100000,0x00000000f9100000)
  from space 6144K, 92% used [0x00000000f9b00000,0x00000000fa08f460,0x00000000fa100000)
  to   space 3584K, 0% used [0x00000000fa100000,0x00000000fa100000,0x00000000fa480000)
 ParOldGen       total 320000K, used 256505K [0x00000000e0000000, 0x00000000f3880000, 0x00000000f5580000)
  object space 320000K, 80% used [0x00000000e0000000,0x00000000efa7e750,0x00000000f3880000)
 Metaspace       used 65334K, committed 66304K, reserved 1114112K
  class space    used 5808K, committed 6272K, reserved 1048576K
}
Event: 341.210 GC heap after
{Heap after GC invocations=78 (full 7):
 PSYoungGen      total 63488K, used 3565K [0x00000000f5580000, 0x00000000fa480000, 0x0000000100000000)
  eden space 59904K, 0% used [0x00000000f5580000,0x00000000f5580000,0x00000000f9000000)
  from space 3584K, 99% used [0x00000000fa100000,0x00000000fa47b470,0x00000000fa480000)
  to   space 5632K, 0% used [0x00000000f9980000,0x00000000f9980000,0x00000000f9f00000)
 ParOldGen       total 320000K, used 258329K [0x00000000e0000000, 0x00000000f3880000, 0x00000000f5580000)
  object space 320000K, 80% used [0x00000000e0000000,0x00000000efc46750,0x00000000f3880000)
 Metaspace       used 65334K, committed 66304K, reserved 1114112K
  class space    used 5808K, committed 6272K, reserved 1048576K
}
Event: 565.961 GC heap before
{Heap before GC invocations=79 (full 7):
 PSYoungGen      total 63488K, used 63469K [0x00000000f5580000, 0x00000000fa480000, 0x0000000100000000)
  eden space 59904K, 100% used [0x00000000f5580000,0x00000000f9000000,0x00000000f9000000)
  from space 3584K, 99% used [0x00000000fa100000,0x00000000fa47b470,0x00000000fa480000)
  to   space 5632K, 0% used [0x00000000f9980000,0x00000000f9980000,0x00000000f9f00000)
 ParOldGen       total 320000K, used 258329K [0x00000000e0000000, 0x00000000f3880000, 0x00000000f5580000)
  object space 320000K, 80% used [0x00000000e0000000,0x00000000efc46750,0x00000000f3880000)
 Metaspace       used 65442K, committed 66432K, reserved 1114112K
  class space    used 5808K, committed 6272K, reserved 1048576K
}
Event: 565.969 GC heap after
{Heap after GC invocations=79 (full 7):
 PSYoungGen      total 64512K, used 864K [0x00000000f5580000, 0x00000000fa180000, 0x0000000100000000)
  eden space 58880K, 0% used [0x00000000f5580000,0x00000000f5580000,0x00000000f8f00000)
  from space 5632K, 15% used [0x00000000f9980000,0x00000000f9a58020,0x00000000f9f00000)
  to   space 2560K, 0% used [0x00000000f9f00000,0x00000000f9f00000,0x00000000fa180000)
 ParOldGen       total 320000K, used 258590K [0x00000000e0000000, 0x00000000f3880000, 0x00000000f5580000)
  object space 320000K, 80% used [0x00000000e0000000,0x00000000efc87bd0,0x00000000f3880000)
 Metaspace       used 65442K, committed 66432K, reserved 1114112K
  class space    used 5808K, committed 6272K, reserved 1048576K
}
Event: 579.149 GC heap before
{Heap before GC invocations=80 (full 7):
 PSYoungGen      total 64512K, used 59725K [0x00000000f5580000, 0x00000000fa180000, 0x0000000100000000)
  eden space 58880K, 99% used [0x00000000f5580000,0x00000000f8efb5f8,0x00000000f8f00000)
  from space 5632K, 15% used [0x00000000f9980000,0x00000000f9a58020,0x00000000f9f00000)
  to   space 2560K, 0% used [0x00000000f9f00000,0x00000000f9f00000,0x00000000fa180000)
 ParOldGen       total 320000K, used 258590K [0x00000000e0000000, 0x00000000f3880000, 0x00000000f5580000)
  object space 320000K, 80% used [0x00000000e0000000,0x00000000efc87bd0,0x00000000f3880000)
 Metaspace       used 66738K, committed 67712K, reserved 1114112K
  class space    used 5945K, committed 6400K, reserved 1048576K
}
Event: 579.163 GC heap after
{Heap after GC invocations=80 (full 7):
 PSYoungGen      total 60416K, used 2541K [0x00000000f5580000, 0x00000000fa180000, 0x0000000100000000)
  eden space 57856K, 0% used [0x00000000f5580000,0x00000000f5580000,0x00000000f8e00000)
  from space 2560K, 99% used [0x00000000f9f00000,0x00000000fa17b678,0x00000000fa180000)
  to   space 4096K, 0% used [0x00000000f9980000,0x00000000f9980000,0x00000000f9d80000)
 ParOldGen       total 320000K, used 259597K [0x00000000e0000000, 0x00000000f3880000, 0x00000000f5580000)
  object space 320000K, 81% used [0x00000000e0000000,0x00000000efd83690,0x00000000f3880000)
 Metaspace       used 66738K, committed 67712K, reserved 1114112K
  class space    used 5945K, committed 6400K, reserved 1048576K
}
Event: 583.369 GC heap before
{Heap before GC invocations=81 (full 7):
 PSYoungGen      total 60416K, used 60397K [0x00000000f5580000, 0x00000000fa180000, 0x0000000100000000)
  eden space 57856K, 100% used [0x00000000f5580000,0x00000000f8e00000,0x00000000f8e00000)
  from space 2560K, 99% used [0x00000000f9f00000,0x00000000fa17b678,0x00000000fa180000)
  to   space 4096K, 0% used [0x00000000f9980000,0x00000000f9980000,0x00000000f9d80000)
 ParOldGen       total 320000K, used 259597K [0x00000000e0000000, 0x00000000f3880000, 0x00000000f5580000)
  object space 320000K, 81% used [0x00000000e0000000,0x00000000efd83690,0x00000000f3880000)
 Metaspace       used 66935K, committed 67904K, reserved 1114112K
  class space    used 5956K, committed 6400K, reserved 1048576K
}
Event: 583.375 GC heap after
{Heap after GC invocations=81 (full 7):
 PSYoungGen      total 60416K, used 3372K [0x00000000f5580000, 0x00000000f9f80000, 0x0000000100000000)
  eden space 56832K, 0% used [0x00000000f5580000,0x00000000f5580000,0x00000000f8d00000)
  from space 3584K, 94% used [0x00000000f9980000,0x00000000f9ccb180,0x00000000f9d00000)
  to   space 2560K, 0% used [0x00000000f9d00000,0x00000000f9d00000,0x00000000f9f80000)
 ParOldGen       total 320000K, used 259733K [0x00000000e0000000, 0x00000000f3880000, 0x00000000f5580000)
  object space 320000K, 81% used [0x00000000e0000000,0x00000000efda5690,0x00000000f3880000)
 Metaspace       used 66935K, committed 67904K, reserved 1114112K
  class space    used 5956K, committed 6400K, reserved 1048576K
}
Event: 1516.207 GC heap before
{Heap before GC invocations=82 (full 7):
 PSYoungGen      total 60416K, used 60204K [0x00000000f5580000, 0x00000000f9f80000, 0x0000000100000000)
  eden space 56832K, 100% used [0x00000000f5580000,0x00000000f8d00000,0x00000000f8d00000)
  from space 3584K, 94% used [0x00000000f9980000,0x00000000f9ccb180,0x00000000f9d00000)
  to   space 2560K, 0% used [0x00000000f9d00000,0x00000000f9d00000,0x00000000f9f80000)
 ParOldGen       total 320000K, used 259733K [0x00000000e0000000, 0x00000000f3880000, 0x00000000f5580000)
  object space 320000K, 81% used [0x00000000e0000000,0x00000000efda5690,0x00000000f3880000)
 Metaspace       used 67052K, committed 68096K, reserved 1114112K
  class space    used 5956K, committed 6400K, reserved 1048576K
}
Event: 1516.267 GC heap after
{Heap after GC invocations=82 (full 7):
 PSYoungGen      total 58368K, used 2556K [0x00000000f5580000, 0x00000000fa400000, 0x0000000100000000)
  eden space 55808K, 0% used [0x00000000f5580000,0x00000000f5580000,0x00000000f8c00000)
  from space 2560K, 99% used [0x00000000f9d00000,0x00000000f9f7f3d8,0x00000000f9f80000)
  to   space 12288K, 0% used [0x00000000f8c00000,0x00000000f8c00000,0x00000000f9800000)
 ParOldGen       total 320000K, used 268093K [0x00000000e0000000, 0x00000000f3880000, 0x00000000f5580000)
  object space 320000K, 83% used [0x00000000e0000000,0x00000000f05cf6f8,0x00000000f3880000)
 Metaspace       used 67052K, committed 68096K, reserved 1114112K
  class space    used 5956K, committed 6400K, reserved 1048576K
}
Event: 1518.510 GC heap before
{Heap before GC invocations=83 (full 7):
 PSYoungGen      total 58368K, used 58364K [0x00000000f5580000, 0x00000000fa400000, 0x0000000100000000)
  eden space 55808K, 100% used [0x00000000f5580000,0x00000000f8c00000,0x00000000f8c00000)
  from space 2560K, 99% used [0x00000000f9d00000,0x00000000f9f7f3d8,0x00000000f9f80000)
  to   space 12288K, 0% used [0x00000000f8c00000,0x00000000f8c00000,0x00000000f9800000)
 ParOldGen       total 320000K, used 268093K [0x00000000e0000000, 0x00000000f3880000, 0x00000000f5580000)
  object space 320000K, 83% used [0x00000000e0000000,0x00000000f05cf6f8,0x00000000f3880000)
 Metaspace       used 67151K, committed 68160K, reserved 1114112K
  class space    used 5956K, committed 6400K, reserved 1048576K
}
Event: 1518.536 GC heap after
{Heap after GC invocations=83 (full 7):
 PSYoungGen      total 61440K, used 6047K [0x00000000f5580000, 0x00000000f9d80000, 0x0000000100000000)
  eden space 55296K, 0% used [0x00000000f5580000,0x00000000f5580000,0x00000000f8b80000)
  from space 6144K, 98% used [0x00000000f8c00000,0x00000000f91e7f00,0x00000000f9200000)
  to   space 8192K, 0% used [0x00000000f9580000,0x00000000f9580000,0x00000000f9d80000)
 ParOldGen       total 320000K, used 269317K [0x00000000e0000000, 0x00000000f3880000, 0x00000000f5580000)
  object space 320000K, 84% used [0x00000000e0000000,0x00000000f0701630,0x00000000f3880000)
 Metaspace       used 67151K, committed 68160K, reserved 1114112K
  class space    used 5956K, committed 6400K, reserved 1048576K
}
Event: 1520.155 GC heap before
{Heap before GC invocations=84 (full 7):
 PSYoungGen      total 61440K, used 61343K [0x00000000f5580000, 0x00000000f9d80000, 0x0000000100000000)
  eden space 55296K, 100% used [0x00000000f5580000,0x00000000f8b80000,0x00000000f8b80000)
  from space 6144K, 98% used [0x00000000f8c00000,0x00000000f91e7f00,0x00000000f9200000)
  to   space 8192K, 0% used [0x00000000f9580000,0x00000000f9580000,0x00000000f9d80000)
 ParOldGen       total 320000K, used 269317K [0x00000000e0000000, 0x00000000f3880000, 0x00000000f5580000)
  object space 320000K, 84% used [0x00000000e0000000,0x00000000f0701630,0x00000000f3880000)
 Metaspace       used 67220K, committed 68224K, reserved 1114112K
  class space    used 5956K, committed 6400K, reserved 1048576K
}
Event: 1520.168 GC heap after
{Heap after GC invocations=84 (full 7):
 PSYoungGen      total 61440K, used 6415K [0x00000000f5580000, 0x00000000f9c00000, 0x0000000100000000)
  eden space 54784K, 0% used [0x00000000f5580000,0x00000000f5580000,0x00000000f8b00000)
  from space 6656K, 96% used [0x00000000f9580000,0x00000000f9bc3ef0,0x00000000f9c00000)
  to   space 6656K, 0% used [0x00000000f8f00000,0x00000000f8f00000,0x00000000f9580000)
 ParOldGen       total 320000K, used 269325K [0x00000000e0000000, 0x00000000f3880000, 0x00000000f5580000)
  object space 320000K, 84% used [0x00000000e0000000,0x00000000f0703630,0x00000000f3880000)
 Metaspace       used 67220K, committed 68224K, reserved 1114112K
  class space    used 5956K, committed 6400K, reserved 1048576K
}
Event: 1521.300 GC heap before
{Heap before GC invocations=85 (full 7):
 PSYoungGen      total 61440K, used 61009K [0x00000000f5580000, 0x00000000f9c00000, 0x0000000100000000)
  eden space 54784K, 99% used [0x00000000f5580000,0x00000000f8ad08a0,0x00000000f8b00000)
  from space 6656K, 96% used [0x00000000f9580000,0x00000000f9bc3ef0,0x00000000f9c00000)
  to   space 6656K, 0% used [0x00000000f8f00000,0x00000000f8f00000,0x00000000f9580000)
 ParOldGen       total 320000K, used 269325K [0x00000000e0000000, 0x00000000f3880000, 0x00000000f5580000)
  object space 320000K, 84% used [0x00000000e0000000,0x00000000f0703630,0x00000000f3880000)
 Metaspace       used 67265K, committed 68288K, reserved 1114112K
  class space    used 5957K, committed 6400K, reserved 1048576K
}
Event: 1521.312 GC heap after
{Heap after GC invocations=85 (full 7):
 PSYoungGen      total 60928K, used 6558K [0x00000000f5580000, 0x00000000f9780000, 0x0000000100000000)
  eden space 54272K, 0% used [0x00000000f5580000,0x00000000f5580000,0x00000000f8a80000)
  from space 6656K, 98% used [0x00000000f8f00000,0x00000000f9567920,0x00000000f9580000)
  to   space 2048K, 0% used [0x00000000f9580000,0x00000000f9580000,0x00000000f9780000)
 ParOldGen       total 320000K, used 269333K [0x00000000e0000000, 0x00000000f3880000, 0x00000000f5580000)
  object space 320000K, 84% used [0x00000000e0000000,0x00000000f0705630,0x00000000f3880000)
 Metaspace       used 67265K, committed 68288K, reserved 1114112K
  class space    used 5957K, committed 6400K, reserved 1048576K
}
Event: 1522.465 GC heap before
{Heap before GC invocations=86 (full 7):
 PSYoungGen      total 60928K, used 60780K [0x00000000f5580000, 0x00000000f9780000, 0x0000000100000000)
  eden space 54272K, 99% used [0x00000000f5580000,0x00000000f8a73758,0x00000000f8a80000)
  from space 6656K, 98% used [0x00000000f8f00000,0x00000000f9567920,0x00000000f9580000)
  to   space 2048K, 0% used [0x00000000f9580000,0x00000000f9580000,0x00000000f9780000)
 ParOldGen       total 320000K, used 269333K [0x00000000e0000000, 0x00000000f3880000, 0x00000000f5580000)
  object space 320000K, 84% used [0x00000000e0000000,0x00000000f0705630,0x00000000f3880000)
 Metaspace       used 67307K, committed 68288K, reserved 1114112K
  class space    used 5957K, committed 6400K, reserved 1048576K
}
Event: 1522.475 GC heap after
{Heap after GC invocations=86 (full 7):
 PSYoungGen      total 55808K, used 2032K [0x00000000f5580000, 0x00000000f9780000, 0x0000000100000000)
  eden space 53760K, 0% used [0x00000000f5580000,0x00000000f5580000,0x00000000f8a00000)
  from space 2048K, 99% used [0x00000000f9580000,0x00000000f977c030,0x00000000f9780000)
  to   space 6656K, 0% used [0x00000000f8a80000,0x00000000f8a80000,0x00000000f9100000)
 ParOldGen       total 320000K, used 273735K [0x00000000e0000000, 0x00000000f3880000, 0x00000000f5580000)
  object space 320000K, 85% used [0x00000000e0000000,0x00000000f0b51e20,0x00000000f3880000)
 Metaspace       used 67307K, committed 68288K, reserved 1114112K
  class space    used 5957K, committed 6400K, reserved 1048576K
}

